# JRE version: OpenJDK Runtime Environment (8.0_131-b11) (build 1.8.0_131-8u131-b11-0ubuntu1.16.04.2-b11)
# Java VM: OpenJDK 64-Bit Server VM (25.131-b11 mixed mode linux-amd64 compressed oops)
Heap:
 PSYoungGen      total 520192K, used 2784K [0x000000076dd00000, 0x000000078e100000, 0x00000007c0000000)
  eden space 512000K, 0% used [0x000000076dd00000,0x000000076dd00000,0x000000078d100000)
  from space 8192K, 33% used [0x000000078d100000,0x000000078d3b8000,0x000000078d900000)
  to   space 7680K, 0% used [0x000000078d980000,0x000000078d980000,0x000000078e100000)
 ParOldGen       total 169472K, used 4627K [0x00000006c9600000, 0x00000006d3b80000, 0x000000076dd00000)
  object space 169472K, 2% used [0x00000006c9600000,0x00000006c9a84e98,0x00000006d3b80000)
 Metaspace       used 18050K, capacity 21177K, committed 21296K, reserved 1064960K
  class space    used 4592K, capacity 5936K, committed 5936K, reserved 1048576K
GC Heap History (10 events):
Event: 1.410 GC heap after
Heap after GC invocations=2 (full 0):
 PSYoungGen      total 138240K, used 6325K [0x000000076dd00000, 0x0000000776e00000, 0x00000007c0000000)
  eden space 128000K, 0% used [0x000000076dd00000,0x000000076dd00000,0x0000000775a00000)
  from space 10240K, 61% used [0x0000000776400000,0x0000000776a2d560,0x0000000776e00000)
  to   space 10240K, 0% used [0x0000000775a00000,0x0000000775a00000,0x0000000776400000)
 ParOldGen       total 169472K, used 24K [0x00000006c9600000, 0x00000006d3b80000, 0x000000076dd00000)
  object space 169472K, 0% used [0x00000006c9600000,0x00000006c9606000,0x00000006d3b80000)
 Metaspace       used 13830K, capacity 15255K, committed 15616K, reserved 1060864K
  class space    used 3073K, capacity 3476K, committed 3584K, reserved 1048576K
}
Event: 2.093 GC heap before
{Heap before GC invocations=3 (full 0):
 PSYoungGen      total 138240K, used 134325K [0x000000076dd00000, 0x0000000776e00000, 0x00000007c0000000)
  eden space 128000K, 100% used [0x000000076dd00000,0x0000000775a00000,0x0000000775a00000)
  from space 10240K, 61% used [0x0000000776400000,0x0000000776a2d560,0x0000000776e00000)
  to   space 10240K, 0% used [0x0000000775a00000,0x0000000775a00000,0x0000000776400000)
 ParOldGen       total 169472K, used 24K [0x00000006c9600000, 0x00000006d3b80000, 0x000000076dd00000)
  object space 169472K, 0% used [0x00000006c9600000,0x00000006c9606000,0x00000006d3b80000)
 Metaspace       used 17300K, capacity 20125K, committed 20352K, reserved 1064960K
  class space    used 4230K, capacity 5412K, committed 5504K, reserved 1048576K
Event: 2.111 GC heap after
Heap after GC invocations=3 (full 0):
 PSYoungGen      total 138240K, used 7477K [0x000000076dd00000, 0x000000077eb00000, 0x00000007c0000000)
  eden space 128000K, 0% used [0x000000076dd00000,0x000000076dd00000,0x0000000775a00000)
  from space 10240K, 73% used [0x0000000775a00000,0x000000077614d538,0x0000000776400000)
  to   space 10240K, 0% used [0x000000077e100000,0x000000077e100000,0x000000077eb00000)
 ParOldGen       total 169472K, used 32K [0x00000006c9600000, 0x00000006d3b80000, 0x000000076dd00000)
  object space 169472K, 0% used [0x00000006c9600000,0x00000006c9608000,0x00000006d3b80000)
 Metaspace       used 17300K, capacity 20125K, committed 20352K, reserved 1064960K
  class space    used 4230K, capacity 5412K, committed 5504K, reserved 1048576K
}
Event: 2.262 GC heap before
{Heap before GC invocations=4 (full 0):
 PSYoungGen      total 138240K, used 135477K [0x000000076dd00000, 0x000000077eb00000, 0x00000007c0000000)
  eden space 128000K, 100% used [0x000000076dd00000,0x0000000775a00000,0x0000000775a00000)
  from space 10240K, 73% used [0x0000000775a00000,0x000000077614d538,0x0000000776400000)
  to   space 10240K, 0% used [0x000000077e100000,0x000000077e100000,0x000000077eb00000)
 ParOldGen       total 169472K, used 32K [0x00000006c9600000, 0x00000006d3b80000, 0x000000076dd00000)
  object space 169472K, 0% used [0x00000006c9600000,0x00000006c9608000,0x00000006d3b80000)
 Metaspace       used 17300K, capacity 20125K, committed 20352K, reserved 1064960K
  class space    used 4230K, capacity 5412K, committed 5504K, reserved 1048576K
Event: 2.276 GC heap after
Heap after GC invocations=4 (full 0):
 PSYoungGen      total 266240K, used 6864K [0x000000076dd00000, 0x000000077eb00000, 0x00000007c0000000)
  eden space 256000K, 0% used [0x000000076dd00000,0x000000076dd00000,0x000000077d700000)
  from space 10240K, 67% used [0x000000077e100000,0x000000077e7b4030,0x000000077eb00000)
  to   space 10240K, 0% used [0x000000077d700000,0x000000077d700000,0x000000077e100000)
 ParOldGen       total 169472K, used 40K [0x00000006c9600000, 0x00000006d3b80000, 0x000000076dd00000)
  object space 169472K, 0% used [0x00000006c9600000,0x00000006c960a000,0x00000006d3b80000)
 Metaspace       used 17300K, capacity 20125K, committed 20352K, reserved 1064960K
  class space    used 4230K, capacity 5412K, committed 5504K, reserved 1048576K
}
Event: 2.695 GC heap before
{Heap before GC invocations=5 (full 0):
 PSYoungGen      total 266240K, used 262864K [0x000000076dd00000, 0x000000077eb00000, 0x00000007c0000000)
  eden space 256000K, 100% used [0x000000076dd00000,0x000000077d700000,0x000000077d700000)
  from space 10240K, 67% used [0x000000077e100000,0x000000077e7b4030,0x000000077eb00000)
  to   space 10240K, 0% used [0x000000077d700000,0x000000077d700000,0x000000077e100000)
 ParOldGen       total 169472K, used 40K [0x00000006c9600000, 0x00000006d3b80000, 0x000000076dd00000)
  object space 169472K, 0% used [0x00000006c9600000,0x00000006c960a000,0x00000006d3b80000)
 Metaspace       used 17300K, capacity 20125K, committed 20352K, reserved 1064960K
  class space    used 4230K, capacity 5412K, committed 5504K, reserved 1048576K
Event: 2.708 GC heap after
Heap after GC invocations=5 (full 0):
 PSYoungGen      total 266240K, used 6896K [0x000000076dd00000, 0x000000078e200000, 0x00000007c0000000)
  eden space 256000K, 0% used [0x000000076dd00000,0x000000076dd00000,0x000000077d700000)
  from space 10240K, 67% used [0x000000077d700000,0x000000077ddbc030,0x000000077e100000)
  to   space 8704K, 0% used [0x000000078d980000,0x000000078d980000,0x000000078e200000)
 ParOldGen       total 169472K, used 48K [0x00000006c9600000, 0x00000006d3b80000, 0x000000076dd00000)
  object space 169472K, 0% used [0x00000006c9600000,0x00000006c960c000,0x00000006d3b80000)
 Metaspace       used 17300K, capacity 20125K, committed 20352K, reserved 1064960K
  class space    used 4230K, capacity 5412K, committed 5504K, reserved 1048576K
}
Event: 3.008 GC heap before
{Heap before GC invocations=6 (full 0):
 PSYoungGen      total 266240K, used 262896K [0x000000076dd00000, 0x000000078e200000, 0x00000007c0000000)
  eden space 256000K, 100% used [0x000000076dd00000,0x000000077d700000,0x000000077d700000)
  from space 10240K, 67% used [0x000000077d700000,0x000000077ddbc030,0x000000077e100000)
  to   space 8704K, 0% used [0x000000078d980000,0x000000078d980000,0x000000078e200000)
 ParOldGen       total 169472K, used 48K [0x00000006c9600000, 0x00000006d3b80000, 0x000000076dd00000)
  object space 169472K, 0% used [0x00000006c9600000,0x00000006c960c000,0x00000006d3b80000)
 Metaspace       used 17300K, capacity 20125K, committed 20352K, reserved 1064960K
  class space    used 4230K, capacity 5412K, committed 5504K, reserved 1048576K
Event: 3.036 GC heap after
Heap after GC invocations=6 (full 0):
 PSYoungGen      total 519680K, used 6896K [0x000000076dd00000, 0x000000078e100000, 0x00000007c0000000)
  eden space 512000K, 0% used [0x000000076dd00000,0x000000076dd00000,0x000000078d100000)
  from space 7680K, 89% used [0x000000078d980000,0x000000078e03c030,0x000000078e100000)
  to   space 8192K, 0% used [0x000000078d100000,0x000000078d100000,0x000000078d900000)
 ParOldGen       total 169472K, used 56K [0x00000006c9600000, 0x00000006d3b80000, 0x000000076dd00000)
  object space 169472K, 0% used [0x00000006c9600000,0x00000006c960e000,0x00000006d3b80000)
 Metaspace       used 17300K, capacity 20125K, committed 20352K, reserved 1064960K
  class space    used 4230K, capacity 5412K, committed 5504K, reserved 1048576K
}
Event: 3.524 GC heap before
{Heap before GC invocations=7 (full 0):
 PSYoungGen      total 519680K, used 326491K [0x000000076dd00000, 0x000000078e100000, 0x00000007c0000000)
  eden space 512000K, 62% used [0x000000076dd00000,0x000000078151af30,0x000000078d100000)
  from space 7680K, 89% used [0x000000078d980000,0x000000078e03c030,0x000000078e100000)
  to   space 8192K, 0% used [0x000000078d100000,0x000000078d100000,0x000000078d900000)
 ParOldGen       total 169472K, used 56K [0x00000006c9600000, 0x00000006d3b80000, 0x000000076dd00000)
  object space 169472K, 0% used [0x00000006c9600000,0x00000006c960e000,0x00000006d3b80000)
 Metaspace       used 18050K, capacity 21177K, committed 21296K, reserved 1064960K
  class space    used 4592K, capacity 5936K, committed 5936K, reserved 1048576K

