# JRE version: OpenJDK Runtime Environment (8.0_131-b11) (build 1.8.0_131-8u131-b11-0ubuntu1.16.04.2-b11)
# Java VM: OpenJDK 64-Bit Server VM (25.131-b11 mixed mode linux-amd64 compressed oops)
Heap:
 PSYoungGen      total 1026048K, used 96K [0x000000076dd00000, 0x00000007b6f80000, 0x00000007c0000000)
  eden space 1015808K, 0% used [0x000000076dd00000,0x000000076dd00000,0x00000007abd00000)
  from space 10240K, 0% used [0x00000007b6580000,0x00000007b6598000,0x00000007b6f80000)
  to   space 9728K, 0% used [0x00000007abd00000,0x00000007abd00000,0x00000007ac680000)
 ParOldGen       total 91136K, used 9202K [0x00000006c9600000, 0x00000006cef00000, 0x000000076dd00000)
  object space 91136K, 10% used [0x00000006c9600000,0x00000006c9efc870,0x00000006cef00000)
 Metaspace       used 21615K, capacity 25811K, committed 25904K, reserved 1067008K
  class space    used 6212K, capacity 8161K, committed 8240K, reserved 1048576K
GC Heap History (10 events):
Event: 3.131 GC heap after
Heap after GC invocations=6 (full 0):
 PSYoungGen      total 520704K, used 6912K [0x000000076dd00000, 0x000000078e200000, 0x00000007c0000000)
  eden space 512000K, 0% used [0x000000076dd00000,0x000000076dd00000,0x000000078d100000)
  from space 8704K, 79% used [0x000000078d980000,0x000000078e040040,0x000000078e200000)
  to   space 8704K, 0% used [0x000000078d100000,0x000000078d100000,0x000000078d980000)
 ParOldGen       total 169472K, used 56K [0x00000006c9600000, 0x00000006d3b80000, 0x000000076dd00000)
  object space 169472K, 0% used [0x00000006c9600000,0x00000006c960e000,0x00000006d3b80000)
 Metaspace       used 17290K, capacity 20061K, committed 20352K, reserved 1064960K
  class space    used 4230K, capacity 5412K, committed 5504K, reserved 1048576K
}
Event: 3.652 GC heap before
{Heap before GC invocations=7 (full 0):
 PSYoungGen      total 520704K, used 326507K [0x000000076dd00000, 0x000000078e200000, 0x00000007c0000000)
  eden space 512000K, 62% used [0x000000076dd00000,0x000000078151af30,0x000000078d100000)
  from space 8704K, 79% used [0x000000078d980000,0x000000078e040040,0x000000078e200000)
  to   space 8704K, 0% used [0x000000078d100000,0x000000078d100000,0x000000078d980000)
 ParOldGen       total 169472K, used 56K [0x00000006c9600000, 0x00000006d3b80000, 0x000000076dd00000)
  object space 169472K, 0% used [0x00000006c9600000,0x00000006c960e000,0x00000006d3b80000)
 Metaspace       used 18040K, capacity 21113K, committed 21296K, reserved 1064960K
  class space    used 4592K, capacity 5936K, committed 5936K, reserved 1048576K
Event: 3.675 GC heap after
Heap after GC invocations=7 (full 0):
 PSYoungGen      total 520704K, used 2784K [0x000000076dd00000, 0x00000007ad700000, 0x00000007c0000000)
  eden space 512000K, 0% used [0x000000076dd00000,0x000000076dd00000,0x000000078d100000)
  from space 8704K, 31% used [0x000000078d100000,0x000000078d3b8000,0x000000078d980000)
  to   space 9216K, 0% used [0x00000007ace00000,0x00000007ace00000,0x00000007ad700000)
 ParOldGen       total 169472K, used 4634K [0x00000006c9600000, 0x00000006d3b80000, 0x000000076dd00000)
  object space 169472K, 2% used [0x00000006c9600000,0x00000006c9a86b50,0x00000006d3b80000)
 Metaspace       used 18040K, capacity 21113K, committed 21296K, reserved 1064960K
  class space    used 4592K, capacity 5936K, committed 5936K, reserved 1048576K
}
Event: 3.675 GC heap before
{Heap before GC invocations=8 (full 1):
 PSYoungGen      total 520704K, used 2784K [0x000000076dd00000, 0x00000007ad700000, 0x00000007c0000000)
  eden space 512000K, 0% used [0x000000076dd00000,0x000000076dd00000,0x000000078d100000)
  from space 8704K, 31% used [0x000000078d100000,0x000000078d3b8000,0x000000078d980000)
  to   space 9216K, 0% used [0x00000007ace00000,0x00000007ace00000,0x00000007ad700000)
 ParOldGen       total 169472K, used 4634K [0x00000006c9600000, 0x00000006d3b80000, 0x000000076dd00000)
  object space 169472K, 2% used [0x00000006c9600000,0x00000006c9a86b50,0x00000006d3b80000)
 Metaspace       used 18040K, capacity 21113K, committed 21296K, reserved 1064960K
  class space    used 4592K, capacity 5936K, committed 5936K, reserved 1048576K
Event: 3.755 GC heap after
Heap after GC invocations=8 (full 1):
 PSYoungGen      total 520704K, used 0K [0x000000076dd00000, 0x00000007ad700000, 0x00000007c0000000)
  eden space 512000K, 0% used [0x000000076dd00000,0x000000076dd00000,0x000000078d100000)
  from space 8704K, 0% used [0x000000078d100000,0x000000078d100000,0x000000078d980000)
  to   space 9216K, 0% used [0x00000007ace00000,0x00000007ace00000,0x00000007ad700000)
 ParOldGen       total 91136K, used 7242K [0x00000006c9600000, 0x00000006cef00000, 0x000000076dd00000)
  object space 91136K, 7% used [0x00000006c9600000,0x00000006c9d12850,0x00000006cef00000)
 Metaspace       used 18032K, capacity 21101K, committed 21296K, reserved 1064960K
  class space    used 4589K, capacity 5932K, committed 5936K, reserved 1048576K
}
Event: 10.442 GC heap before
{Heap before GC invocations=9 (full 1):
 PSYoungGen      total 520704K, used 512000K [0x000000076dd00000, 0x00000007ad700000, 0x00000007c0000000)
  eden space 512000K, 100% used [0x000000076dd00000,0x000000078d100000,0x000000078d100000)
  from space 8704K, 0% used [0x000000078d100000,0x000000078d100000,0x000000078d980000)
  to   space 9216K, 0% used [0x00000007ace00000,0x00000007ace00000,0x00000007ad700000)
 ParOldGen       total 91136K, used 7242K [0x00000006c9600000, 0x00000006cef00000, 0x000000076dd00000)
  object space 91136K, 7% used [0x00000006c9600000,0x00000006c9d12850,0x00000006cef00000)
 Metaspace       used 21534K, capacity 25699K, committed 25904K, reserved 1067008K
  class space    used 6207K, capacity 8161K, committed 8240K, reserved 1048576K
Event: 10.457 GC heap after
Heap after GC invocations=9 (full 1):
 PSYoungGen      total 861696K, used 2016K [0x000000076dd00000, 0x00000007ad000000, 0x00000007c0000000)
  eden space 859648K, 0% used [0x000000076dd00000,0x000000076dd00000,0x00000007a2480000)
  from space 2048K, 98% used [0x00000007ace00000,0x00000007acff8000,0x00000007ad000000)
  to   space 9728K, 0% used [0x00000007abd00000,0x00000007abd00000,0x00000007ac680000)
 ParOldGen       total 91136K, used 7250K [0x00000006c9600000, 0x00000006cef00000, 0x000000076dd00000)
  object space 91136K, 7% used [0x00000006c9600000,0x00000006c9d14850,0x00000006cef00000)
 Metaspace       used 21534K, capacity 25699K, committed 25904K, reserved 1067008K
  class space    used 6207K, capacity 8161K, committed 8240K, reserved 1048576K
}
Event: 13.452 GC heap before
{Heap before GC invocations=10 (full 1):
 PSYoungGen      total 861696K, used 861664K [0x000000076dd00000, 0x00000007ad000000, 0x00000007c0000000)
  eden space 859648K, 100% used [0x000000076dd00000,0x00000007a2480000,0x00000007a2480000)
  from space 2048K, 98% used [0x00000007ace00000,0x00000007acff8000,0x00000007ad000000)
  to   space 9728K, 0% used [0x00000007abd00000,0x00000007abd00000,0x00000007ac680000)
 ParOldGen       total 91136K, used 7250K [0x00000006c9600000, 0x00000006cef00000, 0x000000076dd00000)
  object space 91136K, 7% used [0x00000006c9600000,0x00000006c9d14850,0x00000006cef00000)
 Metaspace       used 21615K, capacity 25811K, committed 25904K, reserved 1067008K
  class space    used 6212K, capacity 8161K, committed 8240K, reserved 1048576K
Event: 13.460 GC heap after
Heap after GC invocations=10 (full 1):
 PSYoungGen      total 1025536K, used 2112K [0x000000076dd00000, 0x00000007b6f80000, 0x00000007c0000000)
  eden space 1015808K, 0% used [0x000000076dd00000,0x000000076dd00000,0x00000007abd00000)
  from space 9728K, 21% used [0x00000007abd00000,0x00000007abf10020,0x00000007ac680000)
  to   space 10240K, 0% used [0x00000007b6580000,0x00000007b6580000,0x00000007b6f80000)
 ParOldGen       total 91136K, used 7250K [0x00000006c9600000, 0x00000006cef00000, 0x000000076dd00000)
  object space 91136K, 7% used [0x00000006c9600000,0x00000006c9d14850,0x00000006cef00000)
 Metaspace       used 21615K, capacity 25811K, committed 25904K, reserved 1067008K
  class space    used 6212K, capacity 8161K, committed 8240K, reserved 1048576K
}
Event: 15.981 GC heap before
{Heap before GC invocations=11 (full 1):
 PSYoungGen      total 1025536K, used 1017920K [0x000000076dd00000, 0x00000007b6f80000, 0x00000007c0000000)
  eden space 1015808K, 100% used [0x000000076dd00000,0x00000007abd00000,0x00000007abd00000)
  from space 9728K, 21% used [0x00000007abd00000,0x00000007abf10020,0x00000007ac680000)
  to   space 10240K, 0% used [0x00000007b6580000,0x00000007b6580000,0x00000007b6f80000)
 ParOldGen       total 91136K, used 7250K [0x00000006c9600000, 0x00000006cef00000, 0x000000076dd00000)
  object space 91136K, 7% used [0x00000006c9600000,0x00000006c9d14850,0x00000006cef00000)
 Metaspace       used 21615K, capacity 25811K, committed 25904K, reserved 1067008K
  class space    used 6212K, capacity 8161K, committed 8240K, reserved 1048576K

