# JRE version: OpenJDK Runtime Environment (8.0_131-b11) (build 1.8.0_131-8u131-b11-0ubuntu1.16.04.2-b11)
# Java VM: OpenJDK 64-Bit Server VM (25.131-b11 mixed mode linux-amd64 compressed oops)
Heap:
 PSYoungGen      total 1014784K, used 2000K [0x000000076dd00000, 0x00000007ad300000, 0x00000007c0000000)
  eden space 1005056K, 0% used [0x000000076dd00000,0x000000076dd00000,0x00000007ab280000)
  from space 9728K, 20% used [0x00000007ac000000,0x00000007ac1f4010,0x00000007ac980000)
  to   space 2048K, 0% used [0x00000007ad100000,0x00000007ad100000,0x00000007ad300000)
 ParOldGen       total 101376K, used 7266K [0x00000006c9600000, 0x00000006cf900000, 0x000000076dd00000)
  object space 101376K, 7% used [0x00000006c9600000,0x00000006c9d18850,0x00000006cf900000)
 Metaspace       used 21587K, capacity 25811K, committed 25904K, reserved 1067008K
  class space    used 6212K, capacity 8161K, committed 8240K, reserved 1048576K
GC Heap History (10 events):
Event: 10.118 GC heap after
Heap after GC invocations=11 (full 1):
 PSYoungGen      total 671232K, used 2048K [0x000000076dd00000, 0x00000007a0800000, 0x00000007c0000000)
  eden space 669184K, 0% used [0x000000076dd00000,0x000000076dd00000,0x0000000796a80000)
  from space 2048K, 100% used [0x00000007a0600000,0x00000007a0800000,0x00000007a0800000)
  to   space 10752K, 0% used [0x000000079f300000,0x000000079f300000,0x000000079fd80000)
 ParOldGen       total 101376K, used 7250K [0x00000006c9600000, 0x00000006cf900000, 0x000000076dd00000)
  object space 101376K, 7% used [0x00000006c9600000,0x00000006c9d14850,0x00000006cf900000)
 Metaspace       used 21510K, capacity 25699K, committed 25904K, reserved 1067008K
  class space    used 6207K, capacity 8161K, committed 8240K, reserved 1048576K
}
Event: 12.015 GC heap before
{Heap before GC invocations=12 (full 1):
 PSYoungGen      total 671232K, used 671232K [0x000000076dd00000, 0x00000007a0800000, 0x00000007c0000000)
  eden space 669184K, 100% used [0x000000076dd00000,0x0000000796a80000,0x0000000796a80000)
  from space 2048K, 100% used [0x00000007a0600000,0x00000007a0800000,0x00000007a0800000)
  to   space 10752K, 0% used [0x000000079f300000,0x000000079f300000,0x000000079fd80000)
 ParOldGen       total 101376K, used 7250K [0x00000006c9600000, 0x00000006cf900000, 0x000000076dd00000)
  object space 101376K, 7% used [0x00000006c9600000,0x00000006c9d14850,0x00000006cf900000)
 Metaspace       used 21587K, capacity 25811K, committed 25904K, reserved 1067008K
  class space    used 6212K, capacity 8161K, committed 8240K, reserved 1048576K
Event: 12.022 GC heap after
Heap after GC invocations=12 (full 1):
 PSYoungGen      total 819712K, used 2032K [0x000000076dd00000, 0x00000007a3080000, 0x00000007c0000000)
  eden space 808960K, 0% used [0x000000076dd00000,0x000000076dd00000,0x000000079f300000)
  from space 10752K, 18% used [0x000000079f300000,0x000000079f4fc010,0x000000079fd80000)
  to   space 10240K, 0% used [0x00000007a2680000,0x00000007a2680000,0x00000007a3080000)
 ParOldGen       total 101376K, used 7250K [0x00000006c9600000, 0x00000006cf900000, 0x000000076dd00000)
  object space 101376K, 7% used [0x00000006c9600000,0x00000006c9d14850,0x00000006cf900000)
 Metaspace       used 21587K, capacity 25811K, committed 25904K, reserved 1067008K
  class space    used 6212K, capacity 8161K, committed 8240K, reserved 1048576K
}
Event: 14.063 GC heap before
{Heap before GC invocations=13 (full 1):
 PSYoungGen      total 819712K, used 810992K [0x000000076dd00000, 0x00000007a3080000, 0x00000007c0000000)
  eden space 808960K, 100% used [0x000000076dd00000,0x000000079f300000,0x000000079f300000)
  from space 10752K, 18% used [0x000000079f300000,0x000000079f4fc010,0x000000079fd80000)
  to   space 10240K, 0% used [0x00000007a2680000,0x00000007a2680000,0x00000007a3080000)
 ParOldGen       total 101376K, used 7250K [0x00000006c9600000, 0x00000006cf900000, 0x000000076dd00000)
  object space 101376K, 7% used [0x00000006c9600000,0x00000006c9d14850,0x00000006cf900000)
 Metaspace       used 21587K, capacity 25811K, committed 25904K, reserved 1067008K
  class space    used 6212K, capacity 8161K, committed 8240K, reserved 1048576K
Event: 14.069 GC heap after
Heap after GC invocations=13 (full 1):
 PSYoungGen      total 861696K, used 2032K [0x000000076dd00000, 0x00000007ac100000, 0x00000007c0000000)
  eden space 851456K, 0% used [0x000000076dd00000,0x000000076dd00000,0x00000007a1c80000)
  from space 10240K, 19% used [0x00000007a2680000,0x00000007a287c010,0x00000007a3080000)
  to   space 10240K, 0% used [0x00000007a1c80000,0x00000007a1c80000,0x00000007a2680000)
 ParOldGen       total 101376K, used 7250K [0x00000006c9600000, 0x00000006cf900000, 0x000000076dd00000)
  object space 101376K, 7% used [0x00000006c9600000,0x00000006c9d14850,0x00000006cf900000)
 Metaspace       used 21587K, capacity 25811K, committed 25904K, reserved 1067008K
  class space    used 6212K, capacity 8161K, committed 8240K, reserved 1048576K
}
Event: 15.958 GC heap before
{Heap before GC invocations=14 (full 1):
 PSYoungGen      total 861696K, used 853488K [0x000000076dd00000, 0x00000007ac100000, 0x00000007c0000000)
  eden space 851456K, 100% used [0x000000076dd00000,0x00000007a1c80000,0x00000007a1c80000)
  from space 10240K, 19% used [0x00000007a2680000,0x00000007a287c010,0x00000007a3080000)
  to   space 10240K, 0% used [0x00000007a1c80000,0x00000007a1c80000,0x00000007a2680000)
 ParOldGen       total 101376K, used 7250K [0x00000006c9600000, 0x00000006cf900000, 0x000000076dd00000)
  object space 101376K, 7% used [0x00000006c9600000,0x00000006c9d14850,0x00000006cf900000)
 Metaspace       used 21587K, capacity 25811K, committed 25904K, reserved 1067008K
  class space    used 6212K, capacity 8161K, committed 8240K, reserved 1048576K
Event: 15.966 GC heap after
Heap after GC invocations=14 (full 1):
 PSYoungGen      total 861696K, used 2000K [0x000000076dd00000, 0x00000007adb00000, 0x00000007c0000000)
  eden space 851456K, 0% used [0x000000076dd00000,0x000000076dd00000,0x00000007a1c80000)
  from space 10240K, 19% used [0x00000007a1c80000,0x00000007a1e74010,0x00000007a2680000)
  to   space 10240K, 0% used [0x00000007ad100000,0x00000007ad100000,0x00000007adb00000)
 ParOldGen       total 101376K, used 7258K [0x00000006c9600000, 0x00000006cf900000, 0x000000076dd00000)
  object space 101376K, 7% used [0x00000006c9600000,0x00000006c9d16850,0x00000006cf900000)
 Metaspace       used 21587K, capacity 25811K, committed 25904K, reserved 1067008K
  class space    used 6212K, capacity 8161K, committed 8240K, reserved 1048576K
}
Event: 17.750 GC heap before
{Heap before GC invocations=15 (full 1):
 PSYoungGen      total 861696K, used 853456K [0x000000076dd00000, 0x00000007adb00000, 0x00000007c0000000)
  eden space 851456K, 100% used [0x000000076dd00000,0x00000007a1c80000,0x00000007a1c80000)
  from space 10240K, 19% used [0x00000007a1c80000,0x00000007a1e74010,0x00000007a2680000)
  to   space 10240K, 0% used [0x00000007ad100000,0x00000007ad100000,0x00000007adb00000)
 ParOldGen       total 101376K, used 7258K [0x00000006c9600000, 0x00000006cf900000, 0x000000076dd00000)
  object space 101376K, 7% used [0x00000006c9600000,0x00000006c9d16850,0x00000006cf900000)
 Metaspace       used 21587K, capacity 25811K, committed 25904K, reserved 1067008K
  class space    used 6212K, capacity 8161K, committed 8240K, reserved 1048576K
Event: 17.758 GC heap after
Heap after GC invocations=15 (full 1):
 PSYoungGen      total 1007104K, used 2016K [0x000000076dd00000, 0x00000007ad300000, 0x00000007c0000000)
  eden space 1005056K, 0% used [0x000000076dd00000,0x000000076dd00000,0x00000007ab280000)
  from space 2048K, 98% used [0x00000007ad100000,0x00000007ad2f8000,0x00000007ad300000)
  to   space 9728K, 0% used [0x00000007ac000000,0x00000007ac000000,0x00000007ac980000)
 ParOldGen       total 101376K, used 7266K [0x00000006c9600000, 0x00000006cf900000, 0x000000076dd00000)
  object space 101376K, 7% used [0x00000006c9600000,0x00000006c9d18850,0x00000006cf900000)
 Metaspace       used 21587K, capacity 25811K, committed 25904K, reserved 1067008K
  class space    used 6212K, capacity 8161K, committed 8240K, reserved 1048576K
}
Event: 19.937 GC heap before
{Heap before GC invocations=16 (full 1):
 PSYoungGen      total 1007104K, used 1007072K [0x000000076dd00000, 0x00000007ad300000, 0x00000007c0000000)
  eden space 1005056K, 100% used [0x000000076dd00000,0x00000007ab280000,0x00000007ab280000)
  from space 2048K, 98% used [0x00000007ad100000,0x00000007ad2f8000,0x00000007ad300000)
  to   space 9728K, 0% used [0x00000007ac000000,0x00000007ac000000,0x00000007ac980000)
 ParOldGen       total 101376K, used 7266K [0x00000006c9600000, 0x00000006cf900000, 0x000000076dd00000)
  object space 101376K, 7% used [0x00000006c9600000,0x00000006c9d18850,0x00000006cf900000)
 Metaspace       used 21587K, capacity 25811K, committed 25904K, reserved 1067008K
  class space    used 6212K, capacity 8161K, committed 8240K, reserved 1048576K

